Welcome to MAGMA v1.10 (linux/s)
Using flags:
	--annotate window=35,10
	--snp-loc /dcs04/lieber/lcolladotor/with10x_LIBD001/Visium_IF_AD/code/magma/02_Lancet_2014/FTD_Lancet2014.snploc
	--gene-loc /dcs04/lieber/lcolladotor/pilotLC_LIBD001/locus-c/code/magma/annotation/GRCh38_gencode.v32_Ensembl98_LIFTED-to-hg19_expressedGenes.gene.loc
	--out /dcs04/lieber/lcolladotor/with10x_LIBD001/Visium_IF_AD/code/magma/02_Lancet_2014/FTD_Lancet2014_ITC

Start time is 11:16:57, Tuesday 28 Jun 2022

Starting annotation...
Reading gene locations from file /dcs04/lieber/lcolladotor/pilotLC_LIBD001/locus-c/code/magma/annotation/GRCh38_gencode.v32_Ensembl98_LIFTED-to-hg19_expressedGenes.gene.loc... 
	adding window: 35000bp (before), 10000bp (after)
	WARNING: on line 32054, chromosome code 'M' not recognised; skipping gene (ID = ENSG00000198888)
	WARNING: on line 32055, chromosome code 'M' not recognised; skipping gene (ID = ENSG00000198763)
	WARNING: on line 32056, chromosome code 'M' not recognised; skipping gene (ID = ENSG00000198804)
	WARNING: on line 32057, chromosome code 'M' not recognised; skipping gene (ID = ENSG00000198712)
	WARNING: on line 32058, chromosome code 'M' not recognised; skipping gene (ID = ENSG00000228253)
	WARNING: on line 32059, chromosome code 'M' not recognised; skipping gene (ID = ENSG00000198899)
	WARNING: on line 32060, chromosome code 'M' not recognised; skipping gene (ID = ENSG00000198938)
	WARNING: on line 32061, chromosome code 'M' not recognised; skipping gene (ID = ENSG00000198840)
	WARNING: on line 32062, chromosome code 'M' not recognised; skipping gene (ID = ENSG00000212907)
	WARNING: on line 32063, chromosome code 'M' not recognised; skipping gene (ID = ENSG00000198886)
	WARNING: on line 32064, chromosome code 'M' not recognised; skipping gene (ID = ENSG00000198786)
	WARNING: on line 32065, chromosome code 'M' not recognised; skipping gene (ID = ENSG00000198695)
	WARNING: on line 32066, chromosome code 'M' not recognised; skipping gene (ID = ENSG00000198727)
	32053 gene locations read from file
	chromosome  1: 3004 genes
	chromosome  2: 2187 genes
	chromosome  3: 1752 genes
	chromosome  4: 1352 genes
	chromosome  5: 1617 genes
	chromosome  6: 1646 genes
	chromosome  7: 1465 genes
	chromosome  8: 1322 genes
	chromosome  9: 1144 genes
	chromosome 10: 1263 genes
	chromosome 11: 1769 genes
	chromosome 12: 1739 genes
	chromosome 13: 700 genes
	chromosome 14: 1105 genes
	chromosome 15: 1133 genes
	chromosome 16: 1485 genes
	chromosome 17: 1765 genes
	chromosome 18: 691 genes
	chromosome 19: 1892 genes
	chromosome 20: 848 genes
	chromosome 21: 417 genes
	chromosome 22: 742 genes
	chromosome  X: 954 genes
	chromosome  Y: 61 genes
Reading SNP locations from file /dcs04/lieber/lcolladotor/with10x_LIBD001/Visium_IF_AD/code/magma/02_Lancet_2014/FTD_Lancet2014.snploc... 
	WARNING: on line 1, chromosome code 'V2' not recognised; skipping SNP (ID = V1)
	WARNING: on line 2, chromosome code 'CHR' not recognised; skipping SNP (ID = SNP)
	15597 SNP locations read from file
	of those, 11739 (75.26%) mapped to at least one gene
Writing annotation to file /dcs04/lieber/lcolladotor/with10x_LIBD001/Visium_IF_AD/code/magma/02_Lancet_2014/FTD_Lancet2014_ITC.genes.annot
	for chromosome  1, 3004 genes are empty (out of 3004)
	for chromosome  2, 2187 genes are empty (out of 2187)
	for chromosome  3, 1752 genes are empty (out of 1752)
	for chromosome  4, 1352 genes are empty (out of 1352)
	for chromosome  5, 1617 genes are empty (out of 1617)
	for chromosome  6, 1646 genes are empty (out of 1646)
	for chromosome  7, 1465 genes are empty (out of 1465)
	for chromosome  8, 1322 genes are empty (out of 1322)
	for chromosome  9, 1144 genes are empty (out of 1144)
	for chromosome 10, 1263 genes are empty (out of 1263)
	for chromosome 11, 1769 genes are empty (out of 1769)
	for chromosome 12, 1739 genes are empty (out of 1739)
	for chromosome 13, 700 genes are empty (out of 700)
	for chromosome 14, 1105 genes are empty (out of 1105)
	for chromosome 15, 1133 genes are empty (out of 1133)
	for chromosome 16, 1485 genes are empty (out of 1485)
	for chromosome 17, 1765 genes are empty (out of 1765)
	for chromosome 18, 691 genes are empty (out of 691)
	for chromosome 19, 1892 genes are empty (out of 1892)
	for chromosome 20, 848 genes are empty (out of 848)
	for chromosome 21, 26 genes are empty (out of 417)
	for chromosome 22, 742 genes are empty (out of 742)
	for chromosome  X, 954 genes are empty (out of 954)
	for chromosome  Y, 61 genes are empty (out of 61)
	at least one SNP mapped to each of a total of 391 genes (out of 32053)


End time is 11:16:57, Tuesday 28 Jun 2022 (elapsed: 00:00:00)
