Welcome to MAGMA v1.10 (linux/s)
Using flags:
	--gene-results /dcs04/lieber/lcolladotor/with10x_LIBD001/Visium_IF_AD/code/magma/02_Lancet_2014/snp-wise.genes.raw
	--set-annot /dcs04/lieber/lcolladotor/with10x_LIBD001/Visium_IF_AD/code/magma/pvalues_top_100.txt gene-col=2 set-col=1
	--out /dcs04/lieber/lcolladotor/with10x_LIBD001/Visium_IF_AD/code/magma/02_Lancet_2014/ftd_gwas_100

Start time is 14:26:35, Wednesday 29 Jun 2022

Reading file /dcs04/lieber/lcolladotor/with10x_LIBD001/Visium_IF_AD/code/magma/02_Lancet_2014/snp-wise.genes.raw... 
	30066 genes read from file
Loading gene-set annotation...
Reading file /dcs04/lieber/lcolladotor/with10x_LIBD001/Visium_IF_AD/code/magma/pvalues_top_100.txt... 
	detected 2 variables in file
	using variable: variable 2 (gene ID)
	using variable: variable 1 (set ID)
	WARNING: gene set Set contains no genes defined in genotype data
	8 gene-set definitions read from file
	found 7 gene sets containing genes defined in genotype data (containing a total of 605 unique genes)
Preparing variables for analysis...
	truncating Z-scores 3 points below zero or 6 standard deviations above the mean
	truncating covariate values more than 5 standard deviations from the mean
	total variables available for analysis: 7 gene sets

Parsing model specifications...
Inverting gene-gene correlation matrix...
Performing regression analysis...
	testing direction: one-sided, positive (sets), two-sided (covar)
	conditioning on internal variables:
		gene size, log(gene size)
		gene density, log(gene density)
		inverse mac, log(inverse mac)
	analysing individual variables

	analysing single-variable models (number of models: 7)
	writing results to file /dcs04/lieber/lcolladotor/with10x_LIBD001/Visium_IF_AD/code/magma/02_Lancet_2014/ftd_gwas_100.gsa.out

End time is 14:27:54, Wednesday 29 Jun 2022 (elapsed: 00:01:19)
