Welcome to MAGMA v1.10 (linux/s)
Using flags:
	--bfile /dcs04/lieber/lcolladotor/with10x_LIBD001/HumanPilot/Analysis/Layer_Guesses/MAGMA/g1000_eur
	--gene-annot /dcs04/lieber/lcolladotor/with10x_LIBD001/Visium_IF_AD/code/magma/02_Lancet_2014/FTD_Lancet2014_ITC.genes.annot
	--pval /dcs04/lieber/lcolladotor/with10x_LIBD001/Visium_IF_AD/code/magma/02_Lancet_2014/FTD-IFGC-and-rsID-ADDED.tab use=rsID,pValue ncol=N_effective
	--gene-model snp-wise
	--out /dcs04/lieber/lcolladotor/with10x_LIBD001/Visium_IF_AD/code/magma/02_Lancet_2014/snp-wise

Start time is 11:37:57, Tuesday 28 Jun 2022

Loading PLINK-format data...
Reading file /dcs04/lieber/lcolladotor/with10x_LIBD001/HumanPilot/Analysis/Layer_Guesses/MAGMA/g1000_eur.fam... 503 individuals read
Reading file /dcs04/lieber/lcolladotor/with10x_LIBD001/HumanPilot/Analysis/Layer_Guesses/MAGMA/g1000_eur.bim... 22665064 SNPs read
Preparing file /dcs04/lieber/lcolladotor/with10x_LIBD001/HumanPilot/Analysis/Layer_Guesses/MAGMA/g1000_eur.bed... 

Reading SNP synonyms from file /dcs04/lieber/lcolladotor/with10x_LIBD001/HumanPilot/Analysis/Layer_Guesses/MAGMA/g1000_eur.synonyms (auto-detected)
	read 6016767 mapped synonyms from file, mapping to 3921040 SNPs in the data
	WARNING: detected 133 synonymous SNP pairs in the data
	         skipped all synonym entries involved, synonymous SNPs are kept in analysis
	         writing list of detected synonyms in data to supplementary log file
Reading SNP p-values from file /dcs04/lieber/lcolladotor/with10x_LIBD001/Visium_IF_AD/code/magma/02_Lancet_2014/FTD-IFGC-and-rsID-ADDED.tab... 
	detected 10 variables in file
	using variable: rsID (SNP id)
	using variable: pValue (p-value)
	using variable: N_effective (sample size; discarding SNPs with N < 50)
	read 1223459 lines from file, containing valid SNP p-values for 15283 SNPs in data (1.249% of lines, 0.06743% of SNPs in data)
Loading gene annotation from file /dcs04/lieber/lcolladotor/with10x_LIBD001/Visium_IF_AD/code/magma/02_Lancet_2014/FTD_Lancet2014_ITC.genes.annot... 
	391 gene definitions read from file
	found 391 genes containing valid SNPs in genotype data


Starting gene analysis... 
	using model: SNPwise-mean
	writing gene analysis results to file /dcs04/lieber/lcolladotor/with10x_LIBD001/Visium_IF_AD/code/magma/02_Lancet_2014/snp-wise.genes.out
	writing intermediate output to file /dcs04/lieber/lcolladotor/with10x_LIBD001/Visium_IF_AD/code/magma/02_Lancet_2014/snp-wise.genes.raw


End time is 11:38:53, Tuesday 28 Jun 2022 (elapsed: 00:00:56)
