Welcome to MAGMA v1.10 (linux/s)
Using flags:
	--bfile /dcs04/lieber/lcolladotor/with10x_LIBD001/HumanPilot/Analysis/Layer_Guesses/MAGMA/g1000_eur
	--gene-annot /dcs04/lieber/lcolladotor/with10x_LIBD001/Visium_SPG_AD/code/magma/02_Lancet_2014/FTD_Lancet2014_ITC.genes.annot
	--pval /dcs04/lieber/lcolladotor/with10x_LIBD001/Visium_SPG_AD/code/magma/02_Lancet_2014/FTD-IFGC-and-rsID-ADDED.tab use=rsID,pValue ncol=N_effective
	--gene-model snp-wise
	--out /dcs04/lieber/lcolladotor/with10x_LIBD001/Visium_SPG_AD/code/magma/02_Lancet_2014/snp-wise

Start time is 23:57:05, Thursday 25 Aug 2022

Loading PLINK-format data...
Reading file /dcs04/lieber/lcolladotor/with10x_LIBD001/HumanPilot/Analysis/Layer_Guesses/MAGMA/g1000_eur.fam... 503 individuals read
Reading file /dcs04/lieber/lcolladotor/with10x_LIBD001/HumanPilot/Analysis/Layer_Guesses/MAGMA/g1000_eur.bim... 22665064 SNPs read
Preparing file /dcs04/lieber/lcolladotor/with10x_LIBD001/HumanPilot/Analysis/Layer_Guesses/MAGMA/g1000_eur.bed... 

Reading SNP synonyms from file /dcs04/lieber/lcolladotor/with10x_LIBD001/HumanPilot/Analysis/Layer_Guesses/MAGMA/g1000_eur.synonyms (auto-detected)
	read 6016767 mapped synonyms from file, mapping to 3921040 SNPs in the data
	WARNING: detected 133 synonymous SNP pairs in the data
	         skipped all synonym entries involved, synonymous SNPs are kept in analysis
	         writing list of detected synonyms in data to supplementary log file
Reading SNP p-values from file /dcs04/lieber/lcolladotor/with10x_LIBD001/Visium_SPG_AD/code/magma/02_Lancet_2014/FTD-IFGC-and-rsID-ADDED.tab... 
	detected 10 variables in file
	using variable: rsID (SNP id)
	using variable: pValue (p-value)
	using variable: N_effective (sample size; discarding SNPs with N < 50)
	read 4828260 lines from file, containing valid SNP p-values for 4747959 SNPs in data (98.34% of lines, 20.95% of SNPs in data)
	WARNING: file contained 488 SNPs (same IDs or synonyms) with duplications
	         dropped all occurrences of each from analysis
	         writing list of duplicated IDs to supplementary log file
Loading gene annotation from file /dcs04/lieber/lcolladotor/with10x_LIBD001/Visium_SPG_AD/code/magma/02_Lancet_2014/FTD_Lancet2014_ITC.genes.annot... 
	30069 gene definitions read from file
	found 30066 genes containing valid SNPs in genotype data


Starting gene analysis... 
	using model: SNPwise-mean
	writing gene analysis results to file /dcs04/lieber/lcolladotor/with10x_LIBD001/Visium_SPG_AD/code/magma/02_Lancet_2014/snp-wise.genes.out
	writing intermediate output to file /dcs04/lieber/lcolladotor/with10x_LIBD001/Visium_SPG_AD/code/magma/02_Lancet_2014/snp-wise.genes.raw


End time is 00:36:11, Friday 26 Aug 2022 (elapsed: 00:39:06)
