Welcome to MAGMA v1.10 (linux/s)
Using flags:
	--gene-results /dcs04/lieber/lcolladotor/pilotLC_LIBD001/locus-c/code/magma/SNP_Data/AD_Jansen2019_LC_snp-wise.genes.raw
	--set-annot /dcs04/lieber/lcolladotor/with10x_LIBD001/Visium_IF_AD/code/magma/pvalues_top_100.txt gene-col=2 set-col=1
	--out code/magma/ad_gwas

Start time is 15:54:43, Tuesday 07 Jun 2022

Reading file /dcs04/lieber/lcolladotor/pilotLC_LIBD001/locus-c/code/magma/SNP_Data/AD_Jansen2019_LC_snp-wise.genes.raw... 
	30917 genes read from file
Loading gene-set annotation...
Reading file /dcs04/lieber/lcolladotor/with10x_LIBD001/Visium_IF_AD/code/magma/pvalues_top_100.txt... 
	detected 2 variables in file
	using variable: variable 2 (gene ID)
	using variable: variable 1 (set ID)
	WARNING: gene set Ab contains no genes defined in genotype data
	WARNING: gene set Set contains no genes defined in genotype data
	WARNING: gene set both contains no genes defined in genotype data
	WARNING: gene set next_Ab contains no genes defined in genotype data
	WARNING: gene set next_both contains no genes defined in genotype data
	WARNING: gene set next_pT contains no genes defined in genotype data
	WARNING: gene set none contains no genes defined in genotype data
	WARNING: gene set pT contains no genes defined in genotype data
	8 gene-set definitions read from file
	found 0 gene sets containing genes defined in genotype data (containing a total of 0 unique genes)

ERROR - loading gene-level data: no valid gene sets or covariates found in input files

Terminating program.
